GowinSynthesis start
Running parser ...
Analyzing Verilog file 'C:\Users\kinchitc\Desktop\vga_controller_with_DACs_0414\src\player2_sprite_engine2.v'
Analyzing Verilog file 'C:\Users\kinchitc\Desktop\vga_controller_with_DACs_0414\src\player_sprite_engine.v'
Analyzing Verilog file 'C:\Users\kinchitc\Desktop\vga_controller_with_DACs_0414\src\signal_qualifier.v'
Analyzing Verilog file 'C:\Users\kinchitc\Desktop\vga_controller_with_DACs_0414\src\spi_byte_rx.v'
Analyzing Verilog file 'C:\Users\kinchitc\Desktop\vga_controller_with_DACs_0414\src\spi_rx_game.v'
Undeclared symbol 'byte_valid', assumed default net type 'wire'("C:\Users\kinchitc\Desktop\vga_controller_with_DACs_0414\src\spi_rx_game.v":56)
Analyzing Verilog file 'C:\Users\kinchitc\Desktop\vga_controller_with_DACs_0414\src\sync_2ff.v'
Analyzing Verilog file 'C:\Users\kinchitc\Desktop\vga_controller_with_DACs_0414\src\top.v'
Compiling module 'top'("C:\Users\kinchitc\Desktop\vga_controller_with_DACs_0414\src\top.v":1)
Compiling module 'spi_rx_game'("C:\Users\kinchitc\Desktop\vga_controller_with_DACs_0414\src\spi_rx_game.v":1)
Compiling module 'sync_2ff'("C:\Users\kinchitc\Desktop\vga_controller_with_DACs_0414\src\sync_2ff.v":1)
Compiling module 'signal_qualifier'("C:\Users\kinchitc\Desktop\vga_controller_with_DACs_0414\src\signal_qualifier.v":1)
WARN  (EX3791) : Expression size 3 truncated to fit in target size 2("C:\Users\kinchitc\Desktop\vga_controller_with_DACs_0414\src\signal_qualifier.v":13)
Compiling module 'spi_byte_rx'("C:\Users\kinchitc\Desktop\vga_controller_with_DACs_0414\src\spi_byte_rx.v":1)
WARN  (EX3791) : Expression size 4 truncated to fit in target size 3("C:\Users\kinchitc\Desktop\vga_controller_with_DACs_0414\src\spi_byte_rx.v":28)
WARN  (EX3791) : Expression size 6 truncated to fit in target size 5("C:\Users\kinchitc\Desktop\vga_controller_with_DACs_0414\src\spi_rx_game.v":104)
Compiling module 'player_sprite_engine(ROM_FILE="idle1.txt")'("C:\Users\kinchitc\Desktop\vga_controller_with_DACs_0414\src\player_sprite_engine.v":1)
Extracting RAM for identifier 'sprite_rom'("C:\Users\kinchitc\Desktop\vga_controller_with_DACs_0414\src\player_sprite_engine.v":26)
WARN  (EX3791) : Expression size 8 truncated to fit in target size 6("C:\Users\kinchitc\Desktop\vga_controller_with_DACs_0414\src\player_sprite_engine.v":47)
Compiling module 'player_sprite_engine(ROM_FILE="idle2.txt")'("C:\Users\kinchitc\Desktop\vga_controller_with_DACs_0414\src\player_sprite_engine.v":1)
Extracting RAM for identifier 'sprite_rom'("C:\Users\kinchitc\Desktop\vga_controller_with_DACs_0414\src\player_sprite_engine.v":26)
WARN  (EX3791) : Expression size 8 truncated to fit in target size 6("C:\Users\kinchitc\Desktop\vga_controller_with_DACs_0414\src\player_sprite_engine.v":47)
Compiling module 'player2_sprite_engine2'("C:\Users\kinchitc\Desktop\vga_controller_with_DACs_0414\src\player2_sprite_engine2.v":1)
Extracting RAM for identifier 'sprite_rom'("C:\Users\kinchitc\Desktop\vga_controller_with_DACs_0414\src\player2_sprite_engine2.v":30)
WARN  (EX3791) : Expression size 8 truncated to fit in target size 6("C:\Users\kinchitc\Desktop\vga_controller_with_DACs_0414\src\player2_sprite_engine2.v":51)
Compiling module 'player2_sprite_engine2(ROM_FILE="idle2.txt")'("C:\Users\kinchitc\Desktop\vga_controller_with_DACs_0414\src\player2_sprite_engine2.v":1)
Extracting RAM for identifier 'sprite_rom'("C:\Users\kinchitc\Desktop\vga_controller_with_DACs_0414\src\player2_sprite_engine2.v":30)
WARN  (EX3791) : Expression size 8 truncated to fit in target size 6("C:\Users\kinchitc\Desktop\vga_controller_with_DACs_0414\src\player2_sprite_engine2.v":51)
NOTE  (EX0101) : Current top module is "top"
[5%] Running netlist conversion ...
Running device independent optimization ...
[10%] Optimizing Phase 0 completed
[15%] Optimizing Phase 1 completed
[25%] Optimizing Phase 2 completed
Running inference ...
[30%] Inferring Phase 0 completed
[40%] Inferring Phase 1 completed
[50%] Inferring Phase 2 completed
[55%] Inferring Phase 3 completed
Running technical mapping ...
[60%] Tech-Mapping Phase 0 completed
[65%] Tech-Mapping Phase 1 completed
[75%] Tech-Mapping Phase 2 completed
[80%] Tech-Mapping Phase 3 completed
[90%] Tech-Mapping Phase 4 completed
[95%] Generate netlist file "C:\Users\kinchitc\Desktop\vga_controller_with_DACs_0414\impl\gwsynthesis\vga_controller.vg" completed
[100%] Generate report file "C:\Users\kinchitc\Desktop\vga_controller_with_DACs_0414\impl\gwsynthesis\vga_controller_syn.rpt.html" completed
GowinSynthesis finish
