2026-03-24 22:59:33,560 [INFO] Activator:176 - 


2026-03-24 22:59:33,561 [INFO] Activator:177 - !SESSION log4j initialized
2026-03-24 22:59:35,829 [INFO] LogOutputStream:77 - [STDOUT_REDIRECT] 
2026-03-24 22:59:37,543 [INFO] ApplicationProperties:184 - Using Application install path: C:\ST\STM32CubeIDE_1.19.0\STM32CubeIDE\plugins\com.st.stm32cube.common.mx_6.15.0.202507011659
2026-03-24 22:59:37,555 [INFO] DbMcusXml:78 - Set database path to: C:\ST\STM32CubeIDE_1.19.0\STM32CubeIDE\plugins\com.st.stm32cube.common.mx_6.15.0.202507011659\\db\/mcu/
2026-03-24 22:59:37,555 [INFO] ApiDb:274 - Set plugin database path to: C:\ST\STM32CubeIDE_1.19.0\STM32CubeIDE\plugins\com.st.stm32cube.common.mx_6.15.0.202507011659\\db\/plugins/boardmanager/
2026-03-24 22:59:37,556 [WARN] ApiDb:259 - Overriding images path with different value:  => C:\ST\STM32CubeIDE_1.19.0\STM32CubeIDE\plugins\com.st.stm32cube.common.mx_6.15.0.202507011659\\db\/plugins/mcufinder/images/
2026-03-24 22:59:37,562 [INFO] ApiDb:250 - Set database path to: C:\Users\danqihu\.stmcufinder\plugins\mcufinder//mcu/
2026-03-24 22:59:37,563 [INFO] DbMcusAds:125 - Set database path to: C:\Users\danqihu\.stmcufinder\plugins\mcufinder//mcu/
2026-03-24 22:59:37,564 [INFO] CrossReferenceDbSqlite:203 - Set database path to: C:\Users\danqihu\.stmcufinder\plugins\mcufinder//mcu/cs/
2026-03-24 22:59:37,673 [INFO] RulesReader:64 - Compatibility file has been processed (317 Rules)
2026-03-24 22:59:37,764 [INFO] DbMcusXml:78 - Set database path to: C:\ST\STM32CubeIDE_1.19.0\STM32CubeIDE\plugins\com.st.stm32cube.common.mx_6.15.0.202507011659\\db\/mcu/
2026-03-24 22:59:37,764 [INFO] ApiDb:274 - Set plugin database path to: C:\ST\STM32CubeIDE_1.19.0\STM32CubeIDE\plugins\com.st.stm32cube.common.mx_6.15.0.202507011659\\db\/plugins/boardmanager/
2026-03-24 22:59:37,765 [INFO] ApiDb:261 - Set plugin images path to: C:\ST\STM32CubeIDE_1.19.0\STM32CubeIDE\plugins\com.st.stm32cube.common.mx_6.15.0.202507011659\\db\/plugins/mcufinder/images/
2026-03-24 22:59:37,765 [WARN] DbFile:41 - Overriding database path with different value: C:\Users\danqihu\.stmcufinder\plugins\mcufinder/ => C:\Users\danqihu\.stmcufinder\plugins\mcufinder
2026-03-24 22:59:37,765 [INFO] ApiDb:250 - Set database path to: C:\Users\danqihu\.stmcufinder\plugins\mcufinder//mcu/
2026-03-24 22:59:37,765 [WARN] DbFile:41 - Overriding database path with different value: C:\Users\danqihu\.stmcufinder\plugins\mcufinder/ => C:\Users\danqihu\.stmcufinder\plugins\mcufinder
2026-03-24 22:59:37,765 [INFO] DbMcusAds:125 - Set database path to: C:\Users\danqihu\.stmcufinder\plugins\mcufinder//mcu/
2026-03-24 22:59:37,765 [WARN] DbFile:41 - Overriding database path with different value: C:\Users\danqihu\.stmcufinder\plugins\mcufinder/ => C:\Users\danqihu\.stmcufinder\plugins\mcufinder
2026-03-24 22:59:37,765 [WARN] DbFile:41 - Overriding database path with different value: C:\Users\danqihu\.stmcufinder\plugins\mcufinder/ => C:\Users\danqihu\.stmcufinder\plugins\mcufinder
2026-03-24 22:59:37,765 [INFO] CrossReferenceDbSqlite:203 - Set database path to: C:\Users\danqihu\.stmcufinder\plugins\mcufinder//mcu/cs/
2026-03-24 22:59:37,837 [INFO] MainPanel:274 - HeapMemory: 268435456
2026-03-24 22:59:37,905 [INFO] DbMcusXml:78 - Set database path to: C:\ST\STM32CubeIDE_1.19.0\STM32CubeIDE\plugins\com.st.stm32cube.common.mx_6.15.0.202507011659\\db\/mcu/
2026-03-24 22:59:37,905 [INFO] ApiDb:274 - Set plugin database path to: C:\ST\STM32CubeIDE_1.19.0\STM32CubeIDE\plugins\com.st.stm32cube.common.mx_6.15.0.202507011659\\db\/plugins/boardmanager/
2026-03-24 22:59:37,905 [INFO] ApiDb:261 - Set plugin images path to: C:\ST\STM32CubeIDE_1.19.0\STM32CubeIDE\plugins\com.st.stm32cube.common.mx_6.15.0.202507011659\\db\/plugins/mcufinder/images/
2026-03-24 22:59:37,905 [WARN] DbFile:41 - Overriding database path with different value: C:\Users\danqihu\.stmcufinder\plugins\mcufinder/ => C:\Users\danqihu\.stmcufinder\plugins\mcufinder
2026-03-24 22:59:37,905 [INFO] ApiDb:250 - Set database path to: C:\Users\danqihu\.stmcufinder\plugins\mcufinder//mcu/
2026-03-24 22:59:37,905 [WARN] DbFile:41 - Overriding database path with different value: C:\Users\danqihu\.stmcufinder\plugins\mcufinder/ => C:\Users\danqihu\.stmcufinder\plugins\mcufinder
2026-03-24 22:59:37,905 [INFO] DbMcusAds:125 - Set database path to: C:\Users\danqihu\.stmcufinder\plugins\mcufinder//mcu/
2026-03-24 22:59:37,906 [WARN] DbFile:41 - Overriding database path with different value: C:\Users\danqihu\.stmcufinder\plugins\mcufinder/ => C:\Users\danqihu\.stmcufinder\plugins\mcufinder
2026-03-24 22:59:37,906 [WARN] DbFile:41 - Overriding database path with different value: C:\Users\danqihu\.stmcufinder\plugins\mcufinder/ => C:\Users\danqihu\.stmcufinder\plugins\mcufinder
2026-03-24 22:59:37,906 [INFO] CrossReferenceDbSqlite:203 - Set database path to: C:\Users\danqihu\.stmcufinder\plugins\mcufinder//mcu/cs/
2026-03-24 22:59:37,923 [INFO] ApplicationProperties:184 - Using Application install path: C:\ST\STM32CubeIDE_1.19.0\STM32CubeIDE\plugins\com.st.stm32cube.common.mx_6.15.0.202507011659
2026-03-24 22:59:37,924 [INFO] PluginManage:196 - Search for loadable plugins [exclusion list=, ]
2026-03-24 22:59:37,925 [INFO] PluginManage:310 - Check plugin analytics
2026-03-24 22:59:38,090 [INFO] AnalyticsPlugin:253 - Accepted Software Licenses: 
2026-03-24 22:59:38,090 [INFO] AnalyticsPlugin:255 - Accepted CMSIS Pack Licenses: 
2026-03-24 22:59:38,090 [INFO] AnalyticsPlugin:257 - Accepted Firmware Licenses: 
2026-03-24 22:59:38,094 [INFO] PluginManage:359 - Loaded plugin analytics (category:tool,tabindex:-1)
2026-03-24 22:59:38,094 [INFO] PluginManage:310 - Check plugin cadmodel
2026-03-24 22:59:38,097 [INFO] CADModel:105 - Init CAD model plugin
2026-03-24 22:59:38,097 [INFO] PluginManage:359 - Loaded plugin cadmodel (category:power,tabindex:5)
2026-03-24 22:59:38,097 [INFO] PluginManage:310 - Check plugin clock
2026-03-24 22:59:38,103 [INFO] PluginManage:359 - Loaded plugin clock (category:base,tabindex:2)
2026-03-24 22:59:38,104 [INFO] PluginManage:310 - Check plugin ddr
2026-03-24 22:59:38,105 [INFO] PluginManage:359 - Loaded plugin ddr (category:tool,tabindex:6)
2026-03-24 22:59:38,105 [INFO] PluginManage:310 - Check plugin filemanager
2026-03-24 22:59:38,289 [INFO] PluginManage:359 - Loaded plugin filemanager (category:base,tabindex:10)
2026-03-24 22:59:38,290 [INFO] PluginManage:310 - Check plugin ipmanager
2026-03-24 22:59:38,300 [INFO] PluginManage:359 - Loaded plugin ipmanager (category:base,tabindex:5)
2026-03-24 22:59:38,301 [INFO] PluginManage:310 - Check plugin lpbam
2026-03-24 22:59:38,307 [INFO] PluginManage:359 - Loaded plugin lpbam (category:base,tabindex:0)
2026-03-24 22:59:38,307 [INFO] PluginManage:310 - Check plugin memorymap
2026-03-24 22:59:38,323 [INFO] PluginManage:359 - Loaded plugin memorymap (category:base,tabindex:4)
2026-03-24 22:59:38,323 [INFO] PluginManage:310 - Check plugin pinoutandconfiguration
2026-03-24 22:59:38,330 [INFO] PluginManage:359 - Loaded plugin pinoutandconfiguration (category:base,tabindex:1)
2026-03-24 22:59:38,330 [INFO] PluginManage:310 - Check plugin pinoutconfig
2026-03-24 22:59:38,409 [WARN] SupportedApi:132 - Cannot load RTOS API schema: s4s-elt-must-match.1: The content of 'definitions' must match (annotation?, (simpleType | complexType)?, (unique | key | keyref)*)). A problem was found starting at: attribute.
2026-03-24 22:59:38,534 [INFO] PluginManage:359 - Loaded plugin pinoutconfig (category:base,tabindex:0)
2026-03-24 22:59:38,534 [INFO] PluginManage:310 - Check plugin power
2026-03-24 22:59:38,543 [INFO] PluginManage:359 - Loaded plugin power (category:power,tabindex:4)
2026-03-24 22:59:38,544 [INFO] PluginManage:310 - Check plugin projectmanager
2026-03-24 22:59:38,559 [INFO] PluginManage:359 - Loaded plugin projectmanager (category:projectmanager,tabindex:4)
2026-03-24 22:59:38,559 [INFO] PluginManage:310 - Check plugin rif
2026-03-24 22:59:38,571 [INFO] PluginManage:359 - Loaded plugin rif (category:base,tabindex:3)
2026-03-24 22:59:38,572 [INFO] PluginManage:310 - Check plugin thirdparty
2026-03-24 22:59:38,695 [INFO] PluginManage:359 - Loaded plugin thirdparty (category:base,tabindex:-1)
2026-03-24 22:59:38,695 [WARN] IntegrityCheckThread:84 - waiting for thirdparty lock release [integrity check]
2026-03-24 22:59:38,695 [INFO] PluginManage:310 - Check plugin tools
2026-03-24 22:59:38,695 [INFO] IntegrityCheckThread:86 - entering critical section [integrity check]
2026-03-24 22:59:38,695 [INFO] ThirdPartyUpdaterWithRetryManager:70 - Updater plugin not ready yet. [1/15]
2026-03-24 22:59:38,699 [INFO] PluginManage:359 - Loaded plugin tools (category:base,tabindex:7)
2026-03-24 22:59:38,699 [INFO] PluginManage:310 - Check plugin tutovideos
2026-03-24 22:59:38,857 [INFO] PluginManage:359 - Loaded plugin tutovideos (category:base,tabindex:-1)
2026-03-24 22:59:38,857 [INFO] PluginManage:310 - Check plugin updater
2026-03-24 22:59:38,874 [INFO] PluginManage:359 - Loaded plugin updater (category:base,tabindex:12)
2026-03-24 22:59:38,874 [INFO] PluginManage:310 - Check plugin userauth
2026-03-24 22:59:38,878 [INFO] UserAuth:118 - Init User Auth plugin
2026-03-24 22:59:38,880 [INFO] PluginManage:359 - Loaded plugin userauth (category:base,tabindex:14)
2026-03-24 22:59:38,881 [INFO] PluginManage:283 - PluginManage : Loaded plugins [18]
2026-03-24 22:59:39,084 [INFO] PinOutPanel:1589 - setPackage(No Configuration,No Configuration)
2026-03-24 22:59:39,176 [INFO] CADModel:165 - CPN selected for project level
2026-03-24 22:59:39,176 [INFO] CADModel:114 - Register for checkConnection events
2026-03-24 22:59:39,188 [INFO] IPUIPlugin:80 - create IPUIPlugin
2026-03-24 22:59:39,188 [INFO] PluginManager:220 - loadIPPluginJar : add adc
2026-03-24 22:59:39,190 [INFO] IPUIPlugin:80 - create IPUIPlugin
2026-03-24 22:59:39,190 [INFO] PluginManager:220 - loadIPPluginJar : add aes
2026-03-24 22:59:39,192 [INFO] IPUIPlugin:80 - create IPUIPlugin
2026-03-24 22:59:39,192 [INFO] PluginManager:220 - loadIPPluginJar : add can
2026-03-24 22:59:39,194 [INFO] IPUIPlugin:80 - create IPUIPlugin
2026-03-24 22:59:39,194 [INFO] PluginManager:220 - loadIPPluginJar : add comp
2026-03-24 22:59:39,196 [INFO] IPUIPlugin:80 - create IPUIPlugin
2026-03-24 22:59:39,196 [INFO] PluginManager:220 - loadIPPluginJar : add cryp
2026-03-24 22:59:39,199 [INFO] IPUIPlugin:80 - create IPUIPlugin
2026-03-24 22:59:39,199 [INFO] PluginManager:220 - loadIPPluginJar : add ddr_ctrl_phy
2026-03-24 22:59:39,201 [INFO] IPUIPlugin:80 - create IPUIPlugin
2026-03-24 22:59:39,201 [INFO] PluginManager:220 - loadIPPluginJar : add dfsdm
2026-03-24 22:59:39,205 [INFO] IPUIPlugin:80 - create IPUIPlugin
2026-03-24 22:59:39,206 [INFO] PluginManager:220 - loadIPPluginJar : add dma
2026-03-24 22:59:39,210 [INFO] IPUIPlugin:80 - create IPUIPlugin
2026-03-24 22:59:39,210 [INFO] PluginManager:220 - loadIPPluginJar : add dma3
2026-03-24 22:59:39,215 [INFO] IPUIPlugin:80 - create IPUIPlugin
2026-03-24 22:59:39,215 [INFO] PluginManager:220 - loadIPPluginJar : add extmemmanager
2026-03-24 22:59:39,217 [INFO] IPUIPlugin:80 - create IPUIPlugin
2026-03-24 22:59:39,217 [INFO] PluginManager:220 - loadIPPluginJar : add fatfs
2026-03-24 22:59:39,221 [INFO] IPUIPlugin:80 - create IPUIPlugin
2026-03-24 22:59:39,221 [INFO] PluginManager:220 - loadIPPluginJar : add fmc
2026-03-24 22:59:39,233 [INFO] IPUIPlugin:80 - create IPUIPlugin
2026-03-24 22:59:39,234 [INFO] PluginManager:220 - loadIPPluginJar : add freertos
2026-03-24 22:59:39,236 [INFO] IPUIPlugin:80 - create IPUIPlugin
2026-03-24 22:59:39,237 [INFO] PluginManager:220 - loadIPPluginJar : add genericplugin
2026-03-24 22:59:39,238 [INFO] IPUIPlugin:80 - create IPUIPlugin
2026-03-24 22:59:39,239 [INFO] PluginManager:220 - loadIPPluginJar : add gfxmmu
2026-03-24 22:59:39,244 [INFO] IPUIPlugin:80 - create IPUIPlugin
2026-03-24 22:59:39,244 [INFO] PluginManager:220 - loadIPPluginJar : add gic
2026-03-24 22:59:39,247 [INFO] IPUIPlugin:80 - create IPUIPlugin
2026-03-24 22:59:39,247 [INFO] PluginManager:220 - loadIPPluginJar : add gpio
2026-03-24 22:59:39,249 [INFO] IPUIPlugin:80 - create IPUIPlugin
2026-03-24 22:59:39,249 [INFO] PluginManager:220 - loadIPPluginJar : add gtzc
2026-03-24 22:59:39,251 [INFO] IPUIPlugin:80 - create IPUIPlugin
2026-03-24 22:59:39,251 [INFO] PluginManager:220 - loadIPPluginJar : add hash
2026-03-24 22:59:39,254 [INFO] IPUIPlugin:80 - create IPUIPlugin
2026-03-24 22:59:39,254 [INFO] PluginManager:220 - loadIPPluginJar : add i2c
2026-03-24 22:59:39,255 [INFO] IPUIPlugin:80 - create IPUIPlugin
2026-03-24 22:59:39,256 [INFO] PluginManager:220 - loadIPPluginJar : add i2s
2026-03-24 22:59:39,258 [INFO] IPUIPlugin:80 - create IPUIPlugin
2026-03-24 22:59:39,258 [INFO] PluginManager:220 - loadIPPluginJar : add i3c
2026-03-24 22:59:39,261 [INFO] IPUIPlugin:80 - create IPUIPlugin
2026-03-24 22:59:39,261 [INFO] PluginManager:220 - loadIPPluginJar : add ipddr
2026-03-24 22:59:39,266 [INFO] IPUIPlugin:80 - create IPUIPlugin
2026-03-24 22:59:39,266 [INFO] PluginManager:220 - loadIPPluginJar : add linkedlist
2026-03-24 22:59:39,271 [INFO] IPUIPlugin:80 - create IPUIPlugin
2026-03-24 22:59:39,271 [INFO] PluginManager:220 - loadIPPluginJar : add lorawan
2026-03-24 22:59:39,272 [INFO] IPUIPlugin:80 - create IPUIPlugin
2026-03-24 22:59:39,273 [INFO] PluginManager:220 - loadIPPluginJar : add ltdc
2026-03-24 22:59:39,276 [INFO] IPUIPlugin:80 - create IPUIPlugin
2026-03-24 22:59:39,277 [INFO] PluginManager:220 - loadIPPluginJar : add mdma
2026-03-24 22:59:39,280 [INFO] IPUIPlugin:80 - create IPUIPlugin
2026-03-24 22:59:39,280 [INFO] PluginManager:220 - loadIPPluginJar : add nvic
2026-03-24 22:59:39,284 [INFO] IPUIPlugin:80 - create IPUIPlugin
2026-03-24 22:59:39,284 [INFO] PluginManager:220 - loadIPPluginJar : add opamp
2026-03-24 22:59:39,287 [INFO] IPUIPlugin:80 - create IPUIPlugin
2026-03-24 22:59:39,287 [INFO] PluginManager:220 - loadIPPluginJar : add openamp
2026-03-24 22:59:39,290 [INFO] IPUIPlugin:80 - create IPUIPlugin
2026-03-24 22:59:39,290 [INFO] PluginManager:220 - loadIPPluginJar : add pdm2pcm
2026-03-24 22:59:39,294 [INFO] IPUIPlugin:80 - create IPUIPlugin
2026-03-24 22:59:39,296 [INFO] PluginManager:220 - loadIPPluginJar : add plateformsettings
2026-03-24 22:59:39,298 [INFO] IPUIPlugin:80 - create IPUIPlugin
2026-03-24 22:59:39,298 [INFO] PluginManager:220 - loadIPPluginJar : add quadspi
2026-03-24 22:59:39,299 [INFO] IPUIPlugin:80 - create IPUIPlugin
2026-03-24 22:59:39,300 [INFO] PluginManager:220 - loadIPPluginJar : add radio
2026-03-24 22:59:39,303 [INFO] IPUIPlugin:80 - create IPUIPlugin
2026-03-24 22:59:39,303 [INFO] PluginManager:220 - loadIPPluginJar : add resmgrutility
2026-03-24 22:59:39,306 [INFO] IPUIPlugin:80 - create IPUIPlugin
2026-03-24 22:59:39,306 [INFO] PluginManager:220 - loadIPPluginJar : add sai
2026-03-24 22:59:39,310 [INFO] IPUIPlugin:80 - create IPUIPlugin
2026-03-24 22:59:39,311 [INFO] PluginManager:220 - loadIPPluginJar : add spi
2026-03-24 22:59:39,317 [INFO] IPUIPlugin:80 - create IPUIPlugin
2026-03-24 22:59:39,318 [INFO] PluginManager:220 - loadIPPluginJar : add stm32_wpan
2026-03-24 22:59:39,320 [INFO] IPUIPlugin:80 - create IPUIPlugin
2026-03-24 22:59:39,320 [INFO] PluginManager:220 - loadIPPluginJar : add tim
2026-03-24 22:59:39,323 [INFO] IPUIPlugin:80 - create IPUIPlugin
2026-03-24 22:59:39,324 [INFO] PluginManager:220 - loadIPPluginJar : add touchsensing
2026-03-24 22:59:39,326 [INFO] IPUIPlugin:80 - create IPUIPlugin
2026-03-24 22:59:39,326 [INFO] PluginManager:220 - loadIPPluginJar : add tracer_emb
2026-03-24 22:59:39,328 [INFO] IPUIPlugin:80 - create IPUIPlugin
2026-03-24 22:59:39,328 [INFO] PluginManager:220 - loadIPPluginJar : add ts
2026-03-24 22:59:39,330 [INFO] IPUIPlugin:80 - create IPUIPlugin
2026-03-24 22:59:39,330 [INFO] PluginManager:220 - loadIPPluginJar : add tsc
2026-03-24 22:59:39,332 [INFO] IPUIPlugin:80 - create IPUIPlugin
2026-03-24 22:59:39,332 [INFO] PluginManager:220 - loadIPPluginJar : add ucpd
2026-03-24 22:59:39,334 [INFO] IPUIPlugin:80 - create IPUIPlugin
2026-03-24 22:59:39,335 [INFO] PluginManager:220 - loadIPPluginJar : add usart
2026-03-24 22:59:39,340 [INFO] IPUIPlugin:80 - create IPUIPlugin
2026-03-24 22:59:39,340 [INFO] PluginManager:220 - loadIPPluginJar : add usbx
2026-03-24 22:59:39,484 [FATAL] Updater:351 - Updater called before beeing initialized
2026-03-24 22:59:39,523 [INFO] RulesReader:64 - Compatibility file has been processed (317 Rules)
2026-03-24 22:59:39,533 [INFO] RulesReader:64 - Compatibility file has been processed (317 Rules)
2026-03-24 22:59:39,541 [INFO] CADModel:165 - CPN selected for project level
2026-03-24 22:59:39,542 [INFO] CADModel:114 - Register for checkConnection events
2026-03-24 22:59:39,542 [FATAL] Updater:351 - Updater called before beeing initialized
2026-03-24 22:59:39,542 [ERROR] CADModel:125 - Updater not yet initialized, retry later 
2026-03-24 22:59:39,665 [FATAL] Updater:351 - Updater called before beeing initialized
2026-03-24 22:59:39,666 [INFO] CADModel:165 - CPN selected for project level
2026-03-24 22:59:39,666 [INFO] CADModel:114 - Register for checkConnection events
2026-03-24 22:59:39,667 [FATAL] Updater:351 - Updater called before beeing initialized
2026-03-24 22:59:39,667 [ERROR] CADModel:125 - Updater not yet initialized, retry later 
2026-03-24 22:59:39,669 [FATAL] Updater:351 - Updater called before beeing initialized
2026-03-24 22:59:39,787 [FATAL] Updater:351 - Updater called before beeing initialized
2026-03-24 22:59:39,790 [INFO] DbMcusAds:53 - JSON generation date=Thu Mar 05 09:32:52 EST 2026 (1772721172890)
2026-03-24 22:59:39,790 [FATAL] Updater:351 - Updater called before beeing initialized
2026-03-24 22:59:39,825 [WARN] DetailPanel:346 - Failed to get advertising image, set to default
2026-03-24 22:59:39,946 [FATAL] Updater:351 - Updater called before beeing initialized
2026-03-24 22:59:39,947 [FATAL] Updater:351 - Updater called before beeing initialized
2026-03-24 22:59:39,948 [FATAL] Updater:351 - Updater called before beeing initialized
2026-03-24 22:59:39,948 [WARN] DetailPanel:346 - Failed to get advertising image, set to default
2026-03-24 22:59:39,948 [FATAL] Updater:351 - Updater called before beeing initialized
2026-03-24 22:59:39,993 [ERROR] Updater:1198 - MainUpdater not yet initialized. External WinMGr cannot be set.
2026-03-24 22:59:39,995 [INFO] Updater:1134 - Updater Version found : 6.15.0
2026-03-24 22:59:40,010 [INFO] ApplicationProperties:184 - Using Application install path: C:\ST\STM32CubeIDE_1.19.0\STM32CubeIDE\plugins\com.st.stm32cube.common.mx_6.15.0.202507011659
2026-03-24 22:59:41,581 [ERROR] LogOutputStream:75 - [STDERR_REDIRECT] Mar 24, 2026 10:59:41 PM java.util.prefs.WindowsPreferences <init>
2026-03-24 22:59:41,582 [ERROR] LogOutputStream:75 - [STDERR_REDIRECT] WARNING: Could not open/create prefs root node Software\JavaSoft\Prefs at root 0xffffffff80000002. Windows RegCreateKeyEx(...) returned error code 5.
2026-03-24 22:59:41,583 [ERROR] LogOutputStream:75 - [STDERR_REDIRECT] 
2026-03-24 22:59:41,697 [INFO] ThirdPartyUpdaterWithRetryManager:70 - Updater plugin not ready yet. [2/15]
2026-03-24 22:59:41,878 [INFO] MainUpdater:2872 - connection check result : 10
2026-03-24 22:59:41,878 [INFO] MainUpdater:3604 - Updater definition file requires update
2026-03-24 22:59:41,879 [INFO] MainUpdater:289 - Updater Check For Update Now.
2026-03-24 22:59:41,879 [INFO] MicroXplorer:498 - Change Database Version : DB.6.0.150
2026-03-24 22:59:41,887 [INFO] McuFinderGlobals:63 - Set McuFinder mode to 2 (CubeIDE integrated)
2026-03-24 22:59:41,888 [INFO] UserAuth:171 - activating auth plugin
2026-03-24 22:59:41,889 [INFO] UserAuth:487 - Internet connection configuration mode: 1
2026-03-24 22:59:41,898 [INFO] JxBrowserEngine:152 - Initiate JxBrowser Engine with user profile folder
2026-03-24 22:59:42,004 [INFO] ServerAccessManage:452 - Complete download http(s) 200
2026-03-24 22:59:42,005 [INFO] ServerAccessManage:509 - Download File updaters.zip
2026-03-24 22:59:42,073 [INFO] FileExtend:248 - Unzip File : updaters.zip
2026-03-24 22:59:42,073 [INFO] FileExtend:263 - Standard Zip Deflate
2026-03-24 22:59:42,734 [INFO] WebApp:169 - Instantiating new browser for Auth
2026-03-24 22:59:42,948 [INFO] ServerAccessManage:452 - Complete download http(s) 200
2026-03-24 22:59:42,948 [INFO] ServerAccessManage:509 - Download File PacksControlFlags.xml
2026-03-24 22:59:43,033 [INFO] ServerAccessManage:452 - Complete download http(s) 200
2026-03-24 22:59:43,033 [INFO] ServerAccessManage:509 - Download File cubemx.pidx
2026-03-24 22:59:43,263 [INFO] ServerAccessManage:452 - Complete download http(s) 200
2026-03-24 22:59:43,263 [INFO] ServerAccessManage:509 - Download File STMicroelectronics.FP-ATR-ASTRA1.pdsc
2026-03-24 22:59:43,658 [INFO] WebApp:463 - Apply proxy settings
2026-03-24 22:59:43,658 [INFO] WebApp:548 - Chromium requires no authentication
2026-03-24 22:59:43,664 [INFO] WebApp:491 - Direct internet connection detected
2026-03-24 22:59:43,682 [INFO] WebApp:900 - Register for checkConnection events
2026-03-24 22:59:43,682 [INFO] WebApp:463 - Apply proxy settings
2026-03-24 22:59:43,682 [INFO] WebApp:548 - Chromium requires no authentication
2026-03-24 22:59:43,683 [INFO] WebApp:491 - Direct internet connection detected
2026-03-24 22:59:43,810 [INFO] WebApp:225 - Starting web application
2026-03-24 22:59:43,810 [INFO] WebApp:593 - Web application path used C:\ST\STM32CubeIDE_1.19.0\STM32CubeIDE\plugins\com.st.stm32cube.common.mx_6.15.0.202507011659\db\plugins\mcufinder\reactClient1\index.html
2026-03-24 22:59:44,044 [INFO] WebApp:191 - Connection restablished
2026-03-24 22:59:44,698 [WARN] MainUpdater:1193 - Updater busy. Cannot search thirdparties
2026-03-24 22:59:44,698 [INFO] ThirdPartyUpdaterWithRetryManager:96 - Updater plugin is busy. [1/15]
2026-03-24 22:59:45,455 [INFO] ServerAccessManage:452 - Complete download http(s) 200
2026-03-24 22:59:45,456 [INFO] ServerAccessManage:509 - Download File STMicroelectronics.FP-ATR-SIGFOX1.pdsc
2026-03-24 22:59:46,084 [INFO] ServerAccessManage:452 - Complete download http(s) 200
2026-03-24 22:59:46,084 [INFO] ServerAccessManage:509 - Download File STMicroelectronics.FP-SNS-STBOX1.pdsc
2026-03-24 22:59:46,932 [INFO] ServerAccessManage:452 - Complete download http(s) 200
2026-03-24 22:59:46,932 [INFO] ServerAccessManage:509 - Download File STMicroelectronics.FP-SNS-FLIGHT1.pdsc
2026-03-24 22:59:47,700 [WARN] MainUpdater:1193 - Updater busy. Cannot search thirdparties
2026-03-24 22:59:47,701 [INFO] ThirdPartyUpdaterWithRetryManager:96 - Updater plugin is busy. [2/15]
2026-03-24 22:59:48,799 [INFO] ServerAccessManage:452 - Complete download http(s) 200
2026-03-24 22:59:48,800 [INFO] ServerAccessManage:509 - Download File STMicroelectronics.FP-SNS-MOTENV1.pdsc
2026-03-24 22:59:50,565 [INFO] ServerAccessManage:452 - Complete download http(s) 200
2026-03-24 22:59:50,565 [INFO] ServerAccessManage:509 - Download File STMicroelectronics.FP-SNS-MOTENVWB1.pdsc
2026-03-24 22:59:50,702 [WARN] MainUpdater:1193 - Updater busy. Cannot search thirdparties
2026-03-24 22:59:50,702 [INFO] ThirdPartyUpdaterWithRetryManager:96 - Updater plugin is busy. [3/15]
2026-03-24 22:59:51,075 [INFO] ServerAccessManage:452 - Complete download http(s) 200
2026-03-24 22:59:51,075 [INFO] ServerAccessManage:509 - Download File STMicroelectronics.FP-SNS-SMARTAG2.pdsc
2026-03-24 22:59:51,769 [INFO] ServerAccessManage:452 - Complete download http(s) 200
2026-03-24 22:59:51,770 [INFO] ServerAccessManage:509 - Download File STMicroelectronics.FP-SNS-STAIOTCFT.pdsc
2026-03-24 22:59:52,562 [INFO] ServerAccessManage:452 - Complete download http(s) 200
2026-03-24 22:59:52,562 [INFO] ServerAccessManage:509 - Download File STMicroelectronics.X-CUBE-AI.pdsc
2026-03-24 22:59:53,702 [WARN] MainUpdater:1193 - Updater busy. Cannot search thirdparties
2026-03-24 22:59:53,702 [INFO] ThirdPartyUpdaterWithRetryManager:96 - Updater plugin is busy. [4/15]
2026-03-24 22:59:56,704 [WARN] MainUpdater:1193 - Updater busy. Cannot search thirdparties
2026-03-24 22:59:56,705 [INFO] ThirdPartyUpdaterWithRetryManager:96 - Updater plugin is busy. [5/15]
2026-03-24 22:59:58,612 [INFO] ServerAccessManage:452 - Complete download http(s) 200
2026-03-24 22:59:58,612 [INFO] ServerAccessManage:509 - Download File STMicroelectronics.X-CUBE-ALS.pdsc
2026-03-24 22:59:58,948 [ERROR] ExternalUserPreferencesManager:606 - Error while get path from external application: Cannot invoke "com.st.stm32cube.common.mx.MxActivator.getBundle()" because the return value of "com.st.stm32cube.common.mx.MxActivator.getDefault()" is null
2026-03-24 22:59:58,948 [ERROR] ExternalUserPreferencesManager:336 - Error while get preference info from external application: Cannot invoke "com.st.stm32cube.common.mx.MxActivator.getBundle()" because the return value of "com.st.stm32cube.common.mx.MxActivator.getDefault()" is null
2026-03-24 22:59:58,949 [ERROR] ExternalUserPreferencesManager:560 - Error while get preference info from external application: Cannot invoke "com.st.stm32cube.common.mx.MxActivator.getBundle()" because the return value of "com.st.stm32cube.common.mx.MxActivator.getDefault()" is null
2026-03-24 22:59:58,957 [ERROR] ExternalUserPreferencesManager:560 - Error while get preference info from external application: Cannot invoke "com.st.stm32cube.common.mx.MxActivator.getBundle()" because the return value of "com.st.stm32cube.common.mx.MxActivator.getDefault()" is null
2026-03-24 22:59:58,985 [ERROR] LogOutputStream:75 - [STDERR_REDIRECT] 
2026-03-24 22:59:58,986 [ERROR] LogOutputStream:75 - [STDERR_REDIRECT] 
