2026-03-24 23:00:05,802 [INFO] Activator:176 - 


2026-03-24 23:00:05,804 [INFO] Activator:177 - !SESSION log4j initialized
2026-03-24 23:00:08,030 [INFO] LogOutputStream:77 - [STDOUT_REDIRECT] 
2026-03-24 23:00:09,803 [INFO] ApplicationProperties:184 - Using Application install path: C:\ST\STM32CubeIDE_1.19.0\STM32CubeIDE\plugins\com.st.stm32cube.common.mx_6.15.0.202507011659
2026-03-24 23:00:09,817 [INFO] DbMcusXml:78 - Set database path to: C:\ST\STM32CubeIDE_1.19.0\STM32CubeIDE\plugins\com.st.stm32cube.common.mx_6.15.0.202507011659\\db\/mcu/
2026-03-24 23:00:09,817 [INFO] ApiDb:274 - Set plugin database path to: C:\ST\STM32CubeIDE_1.19.0\STM32CubeIDE\plugins\com.st.stm32cube.common.mx_6.15.0.202507011659\\db\/plugins/boardmanager/
2026-03-24 23:00:09,817 [WARN] ApiDb:259 - Overriding images path with different value:  => C:\ST\STM32CubeIDE_1.19.0\STM32CubeIDE\plugins\com.st.stm32cube.common.mx_6.15.0.202507011659\\db\/plugins/mcufinder/images/
2026-03-24 23:00:09,823 [INFO] ApiDb:250 - Set database path to: C:\Users\danqihu\.stmcufinder\plugins\mcufinder//mcu/
2026-03-24 23:00:09,824 [INFO] DbMcusAds:125 - Set database path to: C:\Users\danqihu\.stmcufinder\plugins\mcufinder//mcu/
2026-03-24 23:00:09,826 [INFO] CrossReferenceDbSqlite:203 - Set database path to: C:\Users\danqihu\.stmcufinder\plugins\mcufinder//mcu/cs/
2026-03-24 23:00:09,919 [INFO] RulesReader:64 - Compatibility file has been processed (317 Rules)
2026-03-24 23:00:10,016 [INFO] DbMcusXml:78 - Set database path to: C:\ST\STM32CubeIDE_1.19.0\STM32CubeIDE\plugins\com.st.stm32cube.common.mx_6.15.0.202507011659\\db\/mcu/
2026-03-24 23:00:10,016 [INFO] ApiDb:274 - Set plugin database path to: C:\ST\STM32CubeIDE_1.19.0\STM32CubeIDE\plugins\com.st.stm32cube.common.mx_6.15.0.202507011659\\db\/plugins/boardmanager/
2026-03-24 23:00:10,017 [INFO] ApiDb:261 - Set plugin images path to: C:\ST\STM32CubeIDE_1.19.0\STM32CubeIDE\plugins\com.st.stm32cube.common.mx_6.15.0.202507011659\\db\/plugins/mcufinder/images/
2026-03-24 23:00:10,017 [WARN] DbFile:41 - Overriding database path with different value: C:\Users\danqihu\.stmcufinder\plugins\mcufinder/ => C:\Users\danqihu\.stmcufinder\plugins\mcufinder
2026-03-24 23:00:10,017 [INFO] ApiDb:250 - Set database path to: C:\Users\danqihu\.stmcufinder\plugins\mcufinder//mcu/
2026-03-24 23:00:10,017 [WARN] DbFile:41 - Overriding database path with different value: C:\Users\danqihu\.stmcufinder\plugins\mcufinder/ => C:\Users\danqihu\.stmcufinder\plugins\mcufinder
2026-03-24 23:00:10,017 [INFO] DbMcusAds:125 - Set database path to: C:\Users\danqihu\.stmcufinder\plugins\mcufinder//mcu/
2026-03-24 23:00:10,017 [WARN] DbFile:41 - Overriding database path with different value: C:\Users\danqihu\.stmcufinder\plugins\mcufinder/ => C:\Users\danqihu\.stmcufinder\plugins\mcufinder
2026-03-24 23:00:10,017 [WARN] DbFile:41 - Overriding database path with different value: C:\Users\danqihu\.stmcufinder\plugins\mcufinder/ => C:\Users\danqihu\.stmcufinder\plugins\mcufinder
2026-03-24 23:00:10,017 [INFO] CrossReferenceDbSqlite:203 - Set database path to: C:\Users\danqihu\.stmcufinder\plugins\mcufinder//mcu/cs/
2026-03-24 23:00:10,095 [INFO] MainPanel:274 - HeapMemory: 268435456
2026-03-24 23:00:10,155 [INFO] DbMcusXml:78 - Set database path to: C:\ST\STM32CubeIDE_1.19.0\STM32CubeIDE\plugins\com.st.stm32cube.common.mx_6.15.0.202507011659\\db\/mcu/
2026-03-24 23:00:10,155 [INFO] ApiDb:274 - Set plugin database path to: C:\ST\STM32CubeIDE_1.19.0\STM32CubeIDE\plugins\com.st.stm32cube.common.mx_6.15.0.202507011659\\db\/plugins/boardmanager/
2026-03-24 23:00:10,155 [INFO] ApiDb:261 - Set plugin images path to: C:\ST\STM32CubeIDE_1.19.0\STM32CubeIDE\plugins\com.st.stm32cube.common.mx_6.15.0.202507011659\\db\/plugins/mcufinder/images/
2026-03-24 23:00:10,156 [WARN] DbFile:41 - Overriding database path with different value: C:\Users\danqihu\.stmcufinder\plugins\mcufinder/ => C:\Users\danqihu\.stmcufinder\plugins\mcufinder
2026-03-24 23:00:10,156 [INFO] ApiDb:250 - Set database path to: C:\Users\danqihu\.stmcufinder\plugins\mcufinder//mcu/
2026-03-24 23:00:10,156 [WARN] DbFile:41 - Overriding database path with different value: C:\Users\danqihu\.stmcufinder\plugins\mcufinder/ => C:\Users\danqihu\.stmcufinder\plugins\mcufinder
2026-03-24 23:00:10,156 [INFO] DbMcusAds:125 - Set database path to: C:\Users\danqihu\.stmcufinder\plugins\mcufinder//mcu/
2026-03-24 23:00:10,156 [WARN] DbFile:41 - Overriding database path with different value: C:\Users\danqihu\.stmcufinder\plugins\mcufinder/ => C:\Users\danqihu\.stmcufinder\plugins\mcufinder
2026-03-24 23:00:10,156 [WARN] DbFile:41 - Overriding database path with different value: C:\Users\danqihu\.stmcufinder\plugins\mcufinder/ => C:\Users\danqihu\.stmcufinder\plugins\mcufinder
2026-03-24 23:00:10,156 [INFO] CrossReferenceDbSqlite:203 - Set database path to: C:\Users\danqihu\.stmcufinder\plugins\mcufinder//mcu/cs/
2026-03-24 23:00:10,175 [INFO] ApplicationProperties:184 - Using Application install path: C:\ST\STM32CubeIDE_1.19.0\STM32CubeIDE\plugins\com.st.stm32cube.common.mx_6.15.0.202507011659
2026-03-24 23:00:10,177 [INFO] PluginManage:196 - Search for loadable plugins [exclusion list=, ]
2026-03-24 23:00:10,178 [INFO] PluginManage:310 - Check plugin analytics
2026-03-24 23:00:10,366 [INFO] AnalyticsPlugin:253 - Accepted Software Licenses: 
2026-03-24 23:00:10,366 [INFO] AnalyticsPlugin:255 - Accepted CMSIS Pack Licenses: 
2026-03-24 23:00:10,367 [INFO] AnalyticsPlugin:257 - Accepted Firmware Licenses: 
2026-03-24 23:00:10,372 [INFO] PluginManage:359 - Loaded plugin analytics (category:tool,tabindex:-1)
2026-03-24 23:00:10,372 [INFO] PluginManage:310 - Check plugin cadmodel
2026-03-24 23:00:10,377 [INFO] CADModel:105 - Init CAD model plugin
2026-03-24 23:00:10,377 [INFO] PluginManage:359 - Loaded plugin cadmodel (category:power,tabindex:5)
2026-03-24 23:00:10,378 [INFO] PluginManage:310 - Check plugin clock
2026-03-24 23:00:10,384 [INFO] PluginManage:359 - Loaded plugin clock (category:base,tabindex:2)
2026-03-24 23:00:10,385 [INFO] PluginManage:310 - Check plugin ddr
2026-03-24 23:00:10,386 [INFO] PluginManage:359 - Loaded plugin ddr (category:tool,tabindex:6)
2026-03-24 23:00:10,386 [INFO] PluginManage:310 - Check plugin filemanager
2026-03-24 23:00:10,560 [INFO] PluginManage:359 - Loaded plugin filemanager (category:base,tabindex:10)
2026-03-24 23:00:10,560 [INFO] PluginManage:310 - Check plugin ipmanager
2026-03-24 23:00:10,570 [INFO] PluginManage:359 - Loaded plugin ipmanager (category:base,tabindex:5)
2026-03-24 23:00:10,571 [INFO] PluginManage:310 - Check plugin lpbam
2026-03-24 23:00:10,577 [INFO] PluginManage:359 - Loaded plugin lpbam (category:base,tabindex:0)
2026-03-24 23:00:10,577 [INFO] PluginManage:310 - Check plugin memorymap
2026-03-24 23:00:10,586 [INFO] PluginManage:359 - Loaded plugin memorymap (category:base,tabindex:4)
2026-03-24 23:00:10,586 [INFO] PluginManage:310 - Check plugin pinoutandconfiguration
2026-03-24 23:00:10,595 [INFO] PluginManage:359 - Loaded plugin pinoutandconfiguration (category:base,tabindex:1)
2026-03-24 23:00:10,596 [INFO] PluginManage:310 - Check plugin pinoutconfig
2026-03-24 23:00:10,672 [WARN] SupportedApi:132 - Cannot load RTOS API schema: s4s-elt-must-match.1: The content of 'definitions' must match (annotation?, (simpleType | complexType)?, (unique | key | keyref)*)). A problem was found starting at: attribute.
2026-03-24 23:00:10,809 [INFO] PluginManage:359 - Loaded plugin pinoutconfig (category:base,tabindex:0)
2026-03-24 23:00:10,809 [INFO] PluginManage:310 - Check plugin power
2026-03-24 23:00:10,818 [INFO] PluginManage:359 - Loaded plugin power (category:power,tabindex:4)
2026-03-24 23:00:10,818 [INFO] PluginManage:310 - Check plugin projectmanager
2026-03-24 23:00:10,833 [INFO] PluginManage:359 - Loaded plugin projectmanager (category:projectmanager,tabindex:4)
2026-03-24 23:00:10,833 [INFO] PluginManage:310 - Check plugin rif
2026-03-24 23:00:10,849 [INFO] PluginManage:359 - Loaded plugin rif (category:base,tabindex:3)
2026-03-24 23:00:10,850 [INFO] PluginManage:310 - Check plugin thirdparty
2026-03-24 23:00:10,958 [WARN] IntegrityCheckThread:84 - waiting for thirdparty lock release [integrity check]
2026-03-24 23:00:10,958 [INFO] IntegrityCheckThread:86 - entering critical section [integrity check]
2026-03-24 23:00:10,958 [INFO] ThirdPartyUpdaterWithRetryManager:70 - Updater plugin not ready yet. [1/15]
2026-03-24 23:00:10,958 [INFO] PluginManage:359 - Loaded plugin thirdparty (category:base,tabindex:-1)
2026-03-24 23:00:10,959 [INFO] PluginManage:310 - Check plugin tools
2026-03-24 23:00:10,961 [INFO] PluginManage:359 - Loaded plugin tools (category:base,tabindex:7)
2026-03-24 23:00:10,962 [INFO] PluginManage:310 - Check plugin tutovideos
2026-03-24 23:00:11,099 [INFO] PluginManage:359 - Loaded plugin tutovideos (category:base,tabindex:-1)
2026-03-24 23:00:11,100 [INFO] PluginManage:310 - Check plugin updater
2026-03-24 23:00:11,115 [INFO] PluginManage:359 - Loaded plugin updater (category:base,tabindex:12)
2026-03-24 23:00:11,116 [INFO] PluginManage:310 - Check plugin userauth
2026-03-24 23:00:11,119 [INFO] UserAuth:118 - Init User Auth plugin
2026-03-24 23:00:11,120 [INFO] PluginManage:359 - Loaded plugin userauth (category:base,tabindex:14)
2026-03-24 23:00:11,120 [INFO] PluginManage:283 - PluginManage : Loaded plugins [18]
2026-03-24 23:00:11,324 [INFO] PinOutPanel:1589 - setPackage(No Configuration,No Configuration)
2026-03-24 23:00:11,420 [INFO] CADModel:165 - CPN selected for project level
2026-03-24 23:00:11,420 [INFO] CADModel:114 - Register for checkConnection events
2026-03-24 23:00:11,433 [INFO] IPUIPlugin:80 - create IPUIPlugin
2026-03-24 23:00:11,434 [INFO] PluginManager:220 - loadIPPluginJar : add adc
2026-03-24 23:00:11,436 [INFO] IPUIPlugin:80 - create IPUIPlugin
2026-03-24 23:00:11,437 [INFO] PluginManager:220 - loadIPPluginJar : add aes
2026-03-24 23:00:11,440 [INFO] IPUIPlugin:80 - create IPUIPlugin
2026-03-24 23:00:11,440 [INFO] PluginManager:220 - loadIPPluginJar : add can
2026-03-24 23:00:11,442 [INFO] IPUIPlugin:80 - create IPUIPlugin
2026-03-24 23:00:11,442 [INFO] PluginManager:220 - loadIPPluginJar : add comp
2026-03-24 23:00:11,444 [INFO] IPUIPlugin:80 - create IPUIPlugin
2026-03-24 23:00:11,444 [INFO] PluginManager:220 - loadIPPluginJar : add cryp
2026-03-24 23:00:11,448 [INFO] IPUIPlugin:80 - create IPUIPlugin
2026-03-24 23:00:11,448 [INFO] PluginManager:220 - loadIPPluginJar : add ddr_ctrl_phy
2026-03-24 23:00:11,450 [INFO] IPUIPlugin:80 - create IPUIPlugin
2026-03-24 23:00:11,450 [INFO] PluginManager:220 - loadIPPluginJar : add dfsdm
2026-03-24 23:00:11,454 [INFO] IPUIPlugin:80 - create IPUIPlugin
2026-03-24 23:00:11,454 [INFO] PluginManager:220 - loadIPPluginJar : add dma
2026-03-24 23:00:11,456 [INFO] IPUIPlugin:80 - create IPUIPlugin
2026-03-24 23:00:11,456 [INFO] PluginManager:220 - loadIPPluginJar : add dma3
2026-03-24 23:00:11,460 [INFO] IPUIPlugin:80 - create IPUIPlugin
2026-03-24 23:00:11,460 [INFO] PluginManager:220 - loadIPPluginJar : add extmemmanager
2026-03-24 23:00:11,461 [INFO] IPUIPlugin:80 - create IPUIPlugin
2026-03-24 23:00:11,461 [INFO] PluginManager:220 - loadIPPluginJar : add fatfs
2026-03-24 23:00:11,464 [INFO] IPUIPlugin:80 - create IPUIPlugin
2026-03-24 23:00:11,465 [INFO] PluginManager:220 - loadIPPluginJar : add fmc
2026-03-24 23:00:11,477 [INFO] IPUIPlugin:80 - create IPUIPlugin
2026-03-24 23:00:11,477 [INFO] PluginManager:220 - loadIPPluginJar : add freertos
2026-03-24 23:00:11,479 [INFO] IPUIPlugin:80 - create IPUIPlugin
2026-03-24 23:00:11,479 [INFO] PluginManager:220 - loadIPPluginJar : add genericplugin
2026-03-24 23:00:11,481 [INFO] IPUIPlugin:80 - create IPUIPlugin
2026-03-24 23:00:11,482 [INFO] PluginManager:220 - loadIPPluginJar : add gfxmmu
2026-03-24 23:00:11,486 [INFO] IPUIPlugin:80 - create IPUIPlugin
2026-03-24 23:00:11,486 [INFO] PluginManager:220 - loadIPPluginJar : add gic
2026-03-24 23:00:11,490 [INFO] IPUIPlugin:80 - create IPUIPlugin
2026-03-24 23:00:11,490 [INFO] PluginManager:220 - loadIPPluginJar : add gpio
2026-03-24 23:00:11,494 [INFO] IPUIPlugin:80 - create IPUIPlugin
2026-03-24 23:00:11,494 [INFO] PluginManager:220 - loadIPPluginJar : add gtzc
2026-03-24 23:00:11,496 [INFO] IPUIPlugin:80 - create IPUIPlugin
2026-03-24 23:00:11,496 [INFO] PluginManager:220 - loadIPPluginJar : add hash
2026-03-24 23:00:11,499 [INFO] IPUIPlugin:80 - create IPUIPlugin
2026-03-24 23:00:11,499 [INFO] PluginManager:220 - loadIPPluginJar : add i2c
2026-03-24 23:00:11,502 [INFO] IPUIPlugin:80 - create IPUIPlugin
2026-03-24 23:00:11,502 [INFO] PluginManager:220 - loadIPPluginJar : add i2s
2026-03-24 23:00:11,506 [INFO] IPUIPlugin:80 - create IPUIPlugin
2026-03-24 23:00:11,506 [INFO] PluginManager:220 - loadIPPluginJar : add i3c
2026-03-24 23:00:11,508 [INFO] IPUIPlugin:80 - create IPUIPlugin
2026-03-24 23:00:11,508 [INFO] PluginManager:220 - loadIPPluginJar : add ipddr
2026-03-24 23:00:11,513 [INFO] IPUIPlugin:80 - create IPUIPlugin
2026-03-24 23:00:11,513 [INFO] PluginManager:220 - loadIPPluginJar : add linkedlist
2026-03-24 23:00:11,518 [INFO] IPUIPlugin:80 - create IPUIPlugin
2026-03-24 23:00:11,518 [INFO] PluginManager:220 - loadIPPluginJar : add lorawan
2026-03-24 23:00:11,519 [INFO] IPUIPlugin:80 - create IPUIPlugin
2026-03-24 23:00:11,519 [INFO] PluginManager:220 - loadIPPluginJar : add ltdc
2026-03-24 23:00:11,523 [INFO] IPUIPlugin:80 - create IPUIPlugin
2026-03-24 23:00:11,524 [INFO] PluginManager:220 - loadIPPluginJar : add mdma
2026-03-24 23:00:11,527 [INFO] IPUIPlugin:80 - create IPUIPlugin
2026-03-24 23:00:11,527 [INFO] PluginManager:220 - loadIPPluginJar : add nvic
2026-03-24 23:00:11,530 [INFO] IPUIPlugin:80 - create IPUIPlugin
2026-03-24 23:00:11,530 [INFO] PluginManager:220 - loadIPPluginJar : add opamp
2026-03-24 23:00:11,535 [INFO] IPUIPlugin:80 - create IPUIPlugin
2026-03-24 23:00:11,535 [INFO] PluginManager:220 - loadIPPluginJar : add openamp
2026-03-24 23:00:11,539 [INFO] IPUIPlugin:80 - create IPUIPlugin
2026-03-24 23:00:11,539 [INFO] PluginManager:220 - loadIPPluginJar : add pdm2pcm
2026-03-24 23:00:11,543 [INFO] IPUIPlugin:80 - create IPUIPlugin
2026-03-24 23:00:11,545 [INFO] PluginManager:220 - loadIPPluginJar : add plateformsettings
2026-03-24 23:00:11,547 [INFO] IPUIPlugin:80 - create IPUIPlugin
2026-03-24 23:00:11,548 [INFO] PluginManager:220 - loadIPPluginJar : add quadspi
2026-03-24 23:00:11,549 [INFO] IPUIPlugin:80 - create IPUIPlugin
2026-03-24 23:00:11,550 [INFO] PluginManager:220 - loadIPPluginJar : add radio
2026-03-24 23:00:11,554 [INFO] IPUIPlugin:80 - create IPUIPlugin
2026-03-24 23:00:11,554 [INFO] PluginManager:220 - loadIPPluginJar : add resmgrutility
2026-03-24 23:00:11,559 [INFO] IPUIPlugin:80 - create IPUIPlugin
2026-03-24 23:00:11,559 [INFO] PluginManager:220 - loadIPPluginJar : add sai
2026-03-24 23:00:11,561 [INFO] IPUIPlugin:80 - create IPUIPlugin
2026-03-24 23:00:11,561 [INFO] PluginManager:220 - loadIPPluginJar : add spi
2026-03-24 23:00:11,566 [INFO] IPUIPlugin:80 - create IPUIPlugin
2026-03-24 23:00:11,566 [INFO] PluginManager:220 - loadIPPluginJar : add stm32_wpan
2026-03-24 23:00:11,567 [INFO] IPUIPlugin:80 - create IPUIPlugin
2026-03-24 23:00:11,568 [INFO] PluginManager:220 - loadIPPluginJar : add tim
2026-03-24 23:00:11,570 [INFO] IPUIPlugin:80 - create IPUIPlugin
2026-03-24 23:00:11,571 [INFO] PluginManager:220 - loadIPPluginJar : add touchsensing
2026-03-24 23:00:11,573 [INFO] IPUIPlugin:80 - create IPUIPlugin
2026-03-24 23:00:11,573 [INFO] PluginManager:220 - loadIPPluginJar : add tracer_emb
2026-03-24 23:00:11,575 [INFO] IPUIPlugin:80 - create IPUIPlugin
2026-03-24 23:00:11,575 [INFO] PluginManager:220 - loadIPPluginJar : add ts
2026-03-24 23:00:11,577 [INFO] IPUIPlugin:80 - create IPUIPlugin
2026-03-24 23:00:11,577 [INFO] PluginManager:220 - loadIPPluginJar : add tsc
2026-03-24 23:00:11,578 [INFO] IPUIPlugin:80 - create IPUIPlugin
2026-03-24 23:00:11,578 [INFO] PluginManager:220 - loadIPPluginJar : add ucpd
2026-03-24 23:00:11,581 [INFO] IPUIPlugin:80 - create IPUIPlugin
2026-03-24 23:00:11,581 [INFO] PluginManager:220 - loadIPPluginJar : add usart
2026-03-24 23:00:11,586 [INFO] IPUIPlugin:80 - create IPUIPlugin
2026-03-24 23:00:11,586 [INFO] PluginManager:220 - loadIPPluginJar : add usbx
2026-03-24 23:00:11,729 [FATAL] Updater:351 - Updater called before beeing initialized
2026-03-24 23:00:11,770 [INFO] RulesReader:64 - Compatibility file has been processed (317 Rules)
2026-03-24 23:00:11,779 [INFO] RulesReader:64 - Compatibility file has been processed (317 Rules)
2026-03-24 23:00:11,786 [INFO] CADModel:165 - CPN selected for project level
2026-03-24 23:00:11,786 [INFO] CADModel:114 - Register for checkConnection events
2026-03-24 23:00:11,786 [FATAL] Updater:351 - Updater called before beeing initialized
2026-03-24 23:00:11,786 [ERROR] CADModel:125 - Updater not yet initialized, retry later 
2026-03-24 23:00:11,917 [FATAL] Updater:351 - Updater called before beeing initialized
2026-03-24 23:00:11,918 [INFO] CADModel:165 - CPN selected for project level
2026-03-24 23:00:11,918 [INFO] CADModel:114 - Register for checkConnection events
2026-03-24 23:00:11,918 [FATAL] Updater:351 - Updater called before beeing initialized
2026-03-24 23:00:11,919 [ERROR] CADModel:125 - Updater not yet initialized, retry later 
2026-03-24 23:00:11,921 [FATAL] Updater:351 - Updater called before beeing initialized
2026-03-24 23:00:12,033 [FATAL] Updater:351 - Updater called before beeing initialized
2026-03-24 23:00:12,036 [INFO] DbMcusAds:53 - JSON generation date=Thu Mar 05 09:32:52 EST 2026 (1772721172890)
2026-03-24 23:00:12,036 [FATAL] Updater:351 - Updater called before beeing initialized
2026-03-24 23:00:12,071 [WARN] DetailPanel:346 - Failed to get advertising image, set to default
2026-03-24 23:00:12,191 [FATAL] Updater:351 - Updater called before beeing initialized
2026-03-24 23:00:12,192 [FATAL] Updater:351 - Updater called before beeing initialized
2026-03-24 23:00:12,192 [FATAL] Updater:351 - Updater called before beeing initialized
2026-03-24 23:00:12,192 [WARN] DetailPanel:346 - Failed to get advertising image, set to default
2026-03-24 23:00:12,193 [FATAL] Updater:351 - Updater called before beeing initialized
2026-03-24 23:00:12,239 [ERROR] Updater:1198 - MainUpdater not yet initialized. External WinMGr cannot be set.
2026-03-24 23:00:12,241 [INFO] Updater:1134 - Updater Version found : 6.15.0
2026-03-24 23:00:12,253 [INFO] ApplicationProperties:184 - Using Application install path: C:\ST\STM32CubeIDE_1.19.0\STM32CubeIDE\plugins\com.st.stm32cube.common.mx_6.15.0.202507011659
2026-03-24 23:00:13,831 [ERROR] LogOutputStream:75 - [STDERR_REDIRECT] Mar 24, 2026 11:00:13 PM java.util.prefs.WindowsPreferences <init>
2026-03-24 23:00:13,832 [ERROR] LogOutputStream:75 - [STDERR_REDIRECT] WARNING: Could not open/create prefs root node Software\JavaSoft\Prefs at root 0xffffffff80000002. Windows RegCreateKeyEx(...) returned error code 5.
2026-03-24 23:00:13,832 [ERROR] LogOutputStream:75 - [STDERR_REDIRECT] 
2026-03-24 23:00:13,959 [INFO] ThirdPartyUpdaterWithRetryManager:70 - Updater plugin not ready yet. [2/15]
2026-03-24 23:00:14,090 [INFO] MainUpdater:2872 - connection check result : 10
2026-03-24 23:00:14,090 [INFO] MainUpdater:3604 - Updater definition file requires update
2026-03-24 23:00:14,091 [INFO] MainUpdater:289 - Updater Check For Update Now.
2026-03-24 23:00:14,091 [INFO] MicroXplorer:498 - Change Database Version : DB.6.0.150
2026-03-24 23:00:14,096 [INFO] McuFinderGlobals:63 - Set McuFinder mode to 2 (CubeIDE integrated)
2026-03-24 23:00:14,097 [INFO] UserAuth:171 - activating auth plugin
2026-03-24 23:00:14,098 [INFO] UserAuth:487 - Internet connection configuration mode: 1
2026-03-24 23:00:14,108 [INFO] JxBrowserEngine:152 - Initiate JxBrowser Engine with user profile folder
2026-03-24 23:00:14,136 [INFO] ServerAccessManage:452 - Complete download http(s) 200
2026-03-24 23:00:14,137 [INFO] ServerAccessManage:509 - Download File updaters.zip
2026-03-24 23:00:14,207 [INFO] FileExtend:248 - Unzip File : updaters.zip
2026-03-24 23:00:14,207 [INFO] FileExtend:263 - Standard Zip Deflate
2026-03-24 23:00:14,747 [INFO] ServerAccessManage:452 - Complete download http(s) 200
2026-03-24 23:00:14,747 [INFO] ServerAccessManage:509 - Download File PacksControlFlags.xml
2026-03-24 23:00:14,812 [INFO] ServerAccessManage:452 - Complete download http(s) 200
2026-03-24 23:00:14,812 [INFO] ServerAccessManage:509 - Download File cubemx.pidx
2026-03-24 23:00:14,963 [INFO] LoadServerUpdatesThread:375 - End of LoadServerUpdate Thread
2026-03-24 23:00:15,129 [INFO] CheckServerUpdateThread:120 - End of CheckServer Thread
2026-03-24 23:00:15,153 [INFO] WebApp:169 - Instantiating new browser for Auth
2026-03-24 23:00:15,930 [INFO] WebApp:463 - Apply proxy settings
2026-03-24 23:00:15,931 [INFO] WebApp:548 - Chromium requires no authentication
2026-03-24 23:00:15,936 [INFO] WebApp:491 - Direct internet connection detected
2026-03-24 23:00:15,955 [INFO] WebApp:900 - Register for checkConnection events
2026-03-24 23:00:15,955 [INFO] WebApp:463 - Apply proxy settings
2026-03-24 23:00:15,955 [INFO] WebApp:548 - Chromium requires no authentication
2026-03-24 23:00:15,955 [INFO] WebApp:491 - Direct internet connection detected
2026-03-24 23:00:16,080 [INFO] WebApp:225 - Starting web application
2026-03-24 23:00:16,080 [INFO] WebApp:593 - Web application path used C:\ST\STM32CubeIDE_1.19.0\STM32CubeIDE\plugins\com.st.stm32cube.common.mx_6.15.0.202507011659\db\plugins\mcufinder\reactClient1\index.html
2026-03-24 23:00:16,333 [INFO] WebApp:191 - Connection restablished
2026-03-24 23:00:17,144 [WARN] PackLoader:240 - Cannot read IP mode file for STMicroelectronics.FP-ATR-ASTRA1.2.0.2
2026-03-24 23:00:17,156 [WARN] PackLoader:240 - Cannot read IP mode file for STMicroelectronics.FP-SNS-SMARTAG2.1.2.0
2026-03-24 23:00:17,163 [WARN] PackLoader:240 - Cannot read IP mode file for STMicroelectronics.FP-SNS-FLIGHT1.5.1.0
2026-03-24 23:00:17,168 [WARN] PackLoader:240 - Cannot read IP mode file for STMicroelectronics.FP-ATR-SIGFOX1.3.2.0
2026-03-24 23:00:17,176 [WARN] PackLoader:240 - Cannot read IP mode file for STMicroelectronics.X-CUBE-ALS.1.0.2
2026-03-24 23:00:17,178 [INFO] ThirdParty:978 - Integrity check success = true
2026-03-24 23:00:17,178 [INFO] IntegrityCheckThread:100 - exiting critical section [integrity check]
2026-03-24 23:00:17,178 [INFO] IntegrityCheckThread:103 - End integrity checks thread
