Reading netlist file: "C:\Users\kinchitc\Desktop\vga_controller_with_DACs_0414\impl\gwsynthesis\vga_controller.vg"
Parsing netlist file "C:\Users\kinchitc\Desktop\vga_controller_with_DACs_0414\impl\gwsynthesis\vga_controller.vg" completed
Processing netlist completed
Reading constraint file: "C:\Users\kinchitc\Desktop\vga_controller_with_DACs_0414\src\vga.cst"
Physical Constraint parsed completed
Running placement......
[10%] Placement Phase 0 completed
[20%] Placement Phase 1 completed
[30%] Placement Phase 2 completed
[50%] Placement Phase 3 completed
Running routing......
[60%] Routing Phase 0 completed
[70%] Routing Phase 1 completed
[80%] Routing Phase 2 completed
[90%] Routing Phase 3 completed
Running timing analysis......
[95%] Timing analysis completed
Placement and routing completed
Bitstream generation in progress......
Bitstream generation completed
Running power analysis......
[100%] Power analysis completed
Generate file "C:\Users\kinchitc\Desktop\vga_controller_with_DACs_0414\impl\pnr\vga_controller.power.html" completed
Generate file "C:\Users\kinchitc\Desktop\vga_controller_with_DACs_0414\impl\pnr\vga_controller.pin.html" completed
Generate file "C:\Users\kinchitc\Desktop\vga_controller_with_DACs_0414\impl\pnr\vga_controller.rpt.html" completed
Generate file "C:\Users\kinchitc\Desktop\vga_controller_with_DACs_0414\impl\pnr\vga_controller.rpt.txt" completed
Generate file "C:\Users\kinchitc\Desktop\vga_controller_with_DACs_0414\impl\pnr\vga_controller.tr.html" completed
Thu Apr 16 01:21:41 2026

